<?xml version="1.0" encoding="UTF-8"?>
<testsuite name="ArithmeticTest" tests="1" skipped="0" failures="0" errors="0" timestamp="2019-01-16T14:53:04" hostname="IRCSLUCEYYL1C" time="0.008">
  <properties/>
  <testcase name="testSum" classname="ArithmeticTest" time="0.008"/>
  <system-out><![CDATA[]]></system-out>
  <system-err><![CDATA[]]></system-err>
</testsuite>
